# Logfile created on 2021-03-24 05:28:48 +0000 by logger.rb/v1.4.2
[2021-03-24T05:28:49+00:00] INFO: Started Chef Infra Zero at chefzero://localhost:1 with repository at /opt/gitlab/embedded
  One version per cookbook

[2021-03-24T05:28:49+00:00] INFO: *** Chef Infra Client 15.14.0 ***
[2021-03-24T05:28:49+00:00] INFO: Platform: x86_64-linux
[2021-03-24T05:28:49+00:00] INFO: Chef-client pid: 59101
[2021-03-24T05:28:49+00:00] WARN: Plugin Network: unable to detect ipaddress
[2021-03-24T05:28:51+00:00] INFO: Setting the run_list to ["recipe[gitlab]"] from CLI options
[2021-03-24T05:28:51+00:00] INFO: Run List is [recipe[gitlab]]
[2021-03-24T05:28:51+00:00] INFO: Run List expands to [gitlab]
[2021-03-24T05:28:51+00:00] INFO: Starting Chef Infra Client Run for gitlab.shao.com
[2021-03-24T05:28:51+00:00] INFO: Running start handlers
[2021-03-24T05:28:51+00:00] INFO: Start handlers complete.
[2021-03-24T05:28:52+00:00] INFO: Loading cookbooks [gitlab@0.0.1, package@0.1.0, logrotate@0.1.0, postgresql@0.1.0, redis@0.1.0, monitoring@0.1.0, registry@0.1.0, mattermost@0.1.0, consul@0.1.0, gitaly@0.1.0, praefect@0.1.0, gitlab-kas@0.1.0, gitlab-pages@0.1.0, letsencrypt@0.1.0, nginx@0.1.0, runit@5.1.3, acme@4.1.1, crond@0.1.0]
[2021-03-24T05:28:56+00:00] INFO: Skipped selecting an init system because it was explicitly disabled
[2021-03-24T05:28:58+00:00] INFO: template[/var/opt/gitlab/gitlab-rails/etc/gitlab.yml] backed up to /opt/gitlab/embedded/cookbooks/cache/backup/var/opt/gitlab/gitlab-rails/etc/gitlab.yml.chef-20210324052858.872492
[2021-03-24T05:28:58+00:00] INFO: template[/var/opt/gitlab/gitlab-rails/etc/gitlab.yml] updated file contents /var/opt/gitlab/gitlab-rails/etc/gitlab.yml
[2021-03-24T05:28:58+00:00] WARN: only_if block for templatesymlink[Create a gitlab_pages_secret and create a symlink to Rails root] returned a string, did you mean to run a command?
[2021-03-24T05:28:58+00:00] WARN: only_if block for templatesymlink[Create a gitlab_kas_secret and create a symlink to Rails root] returned a string, did you mean to run a command?
[2021-03-24T05:29:00+00:00] INFO: file[/opt/gitlab/service/postgresql/supervise/status] owner changed to 996
[2021-03-24T05:29:00+00:00] INFO: file[/opt/gitlab/service/postgresql/supervise/status] group changed to 996
[2021-03-24T05:29:00+00:00] INFO: file[/opt/gitlab/service/postgresql/supervise/status] updated atime and mtime to 2021-03-24 05:29:00 +0000
[2021-03-24T05:29:00+00:00] INFO: file[/opt/gitlab/service/postgresql/log/supervise/status] owner changed to 996
[2021-03-24T05:29:00+00:00] INFO: file[/opt/gitlab/service/postgresql/log/supervise/status] group changed to 996
[2021-03-24T05:29:00+00:00] INFO: file[/opt/gitlab/service/postgresql/log/supervise/status] updated atime and mtime to 2021-03-24 05:29:00 +0000
[2021-03-24T05:29:02+00:00] INFO: runit_service[puma] running why-run enable action to support before action
[2021-03-24T05:29:03+00:00] INFO: ruby_block[populate Grafana configuration options] called
[2021-03-24T05:29:04+00:00] INFO: templatesymlink[Create a gitlab.yml and create a symlink to Rails root] sending restart action to runit_service[puma] (delayed)
[2021-03-24T05:29:04+00:00] INFO: runit_service[puma] running why-run restart action to support before action
[2021-03-24T05:29:04+00:00] INFO: templatesymlink[Create a gitlab.yml and create a symlink to Rails root] sending restart action to sidekiq_service[sidekiq] (delayed)
[2021-03-24T05:29:08+00:00] INFO: templatesymlink[Create a gitlab.yml and create a symlink to Rails root] sending run action to execute[clear the gitlab-rails cache] (delayed)
[2021-03-24T05:30:44+00:00] INFO: execute[clear the gitlab-rails cache] ran successfully
[2021-03-24T05:30:45+00:00] INFO: Chef Infra Client Run complete in 113.553629734 seconds
[2021-03-24T05:30:45+00:00] INFO: Running report handlers
[2021-03-24T05:30:45+00:00] INFO: Report handlers complete
