# Logfile created on 2021-04-04 01:06:21 +0000 by logger.rb/v1.4.2
[2021-04-04T01:06:23+00:00] INFO: Started Chef Infra Zero at chefzero://localhost:1 with repository at /opt/gitlab/embedded
  One version per cookbook

[2021-04-04T01:06:23+00:00] INFO: *** Chef Infra Client 15.14.0 ***
[2021-04-04T01:06:23+00:00] INFO: Platform: x86_64-linux
[2021-04-04T01:06:23+00:00] INFO: Chef-client pid: 31
[2021-04-04T01:06:25+00:00] WARN: Plugin Network: unable to detect ipaddress
[2021-04-04T01:06:30+00:00] INFO: Setting the run_list to ["recipe[gitlab]"] from CLI options
[2021-04-04T01:06:30+00:00] INFO: Run List is [recipe[gitlab]]
[2021-04-04T01:06:30+00:00] INFO: Run List expands to [gitlab]
[2021-04-04T01:06:30+00:00] INFO: Starting Chef Infra Client Run for gitlab.shao.com
[2021-04-04T01:06:30+00:00] INFO: Running start handlers
[2021-04-04T01:06:30+00:00] INFO: Start handlers complete.
[2021-04-04T01:06:34+00:00] INFO: Loading cookbooks [gitlab@0.0.1, package@0.1.0, logrotate@0.1.0, postgresql@0.1.0, redis@0.1.0, monitoring@0.1.0, registry@0.1.0, mattermost@0.1.0, consul@0.1.0, gitaly@0.1.0, praefect@0.1.0, gitlab-kas@0.1.0, gitlab-pages@0.1.0, letsencrypt@0.1.0, nginx@0.1.0, runit@5.1.3, acme@4.1.1, crond@0.1.0]
[2021-04-04T01:06:40+00:00] INFO: Skipped selecting an init system because it was explicitly disabled
[2021-04-04T01:06:44+00:00] WARN: only_if block for templatesymlink[Create a gitlab_pages_secret and create a symlink to Rails root] returned a string, did you mean to run a command?
[2021-04-04T01:06:44+00:00] WARN: only_if block for templatesymlink[Create a gitlab_kas_secret and create a symlink to Rails root] returned a string, did you mean to run a command?
[2021-04-04T01:06:45+00:00] INFO: link[/opt/gitlab/service/redis] created
[2021-04-04T01:06:46+00:00] INFO: link[/opt/gitlab/service/gitaly] created
[2021-04-04T01:06:49+00:00] INFO: link[/opt/gitlab/service/postgresql] created
[2021-04-04T01:06:49+00:00] INFO: file[/opt/gitlab/service/postgresql/supervise/status] owner changed to 996
[2021-04-04T01:06:49+00:00] INFO: file[/opt/gitlab/service/postgresql/supervise/status] group changed to 996
[2021-04-04T01:06:49+00:00] INFO: file[/opt/gitlab/service/postgresql/supervise/status] updated atime and mtime to 2021-04-04 01:06:49 +0000
[2021-04-04T01:06:49+00:00] INFO: file[/opt/gitlab/service/postgresql/log/supervise/status] owner changed to 996
[2021-04-04T01:06:49+00:00] INFO: file[/opt/gitlab/service/postgresql/log/supervise/status] group changed to 996
[2021-04-04T01:06:49+00:00] INFO: file[/opt/gitlab/service/postgresql/log/supervise/status] updated atime and mtime to 2021-04-04 01:06:49 +0000
[2021-04-04T01:06:50+00:00] INFO: runit_service[puma] running why-run enable action to support before action
[2021-04-04T01:06:50+00:00] INFO: runit_service[puma] sending stop action to unicorn_service[unicorn] (before)
[2021-04-04T01:06:51+00:00] INFO: link[/opt/gitlab/service/puma] created
[2021-04-04T01:06:52+00:00] INFO: link[/opt/gitlab/service/sidekiq] created
[2021-04-04T01:06:55+00:00] INFO: link[/opt/gitlab/service/gitlab-workhorse] created
[2021-04-04T01:07:10+00:00] INFO: link[/opt/gitlab/service/nginx] created
[2021-04-04T01:07:11+00:00] INFO: link[/opt/gitlab/service/logrotate] created
[2021-04-04T01:07:15+00:00] INFO: link[/opt/gitlab/service/gitlab-exporter] created
[2021-04-04T01:07:18+00:00] INFO: link[/opt/gitlab/service/redis-exporter] created
[2021-04-04T01:07:20+00:00] INFO: link[/opt/gitlab/service/prometheus] created
[2021-04-04T01:07:23+00:00] INFO: link[/opt/gitlab/service/alertmanager] created
[2021-04-04T01:07:26+00:00] INFO: link[/opt/gitlab/service/postgres-exporter] created
[2021-04-04T01:07:27+00:00] INFO: ruby_block[populate Grafana configuration options] called
[2021-04-04T01:07:30+00:00] INFO: link[/opt/gitlab/service/grafana] created
[2021-04-04T01:07:33+00:00] INFO: Chef Infra Client Run complete in 62.963927597 seconds
[2021-04-04T01:07:33+00:00] INFO: Running report handlers
[2021-04-04T01:07:33+00:00] INFO: Report handlers complete
