2021-07-17T01:00:15.826Z: Refreshing trending projects
2021-07-17T01:00:15.845Z: StuckCiJobsWorker: Cleaning stuck builds
2021-07-17T02:00:14.527Z: StuckCiJobsWorker: Cleaning stuck builds
2021-07-17T03:00:18.119Z: StuckCiJobsWorker: Cleaning stuck builds
2021-07-17T03:03:31.415Z: Bypassing session in admin mode for: 1
2021-07-17T03:03:31.605Z: Bypassing session in admin mode for: 1
2021-07-17T03:03:31.882Z: Updating statistics for project 6
2021-07-17T03:03:41.135Z: Bypassing session in admin mode for: 1
2021-07-17T03:05:39.479Z: Bypassing session in admin mode for: 1
2021-07-17T03:15:11.650Z: ActiveRecord connection established
2021-07-17T03:16:10.414Z: ActiveRecord connection established
2021-07-17T03:18:32.647Z: Updating statistics for project 6
2021-07-17T03:18:32.766Z: Cannot obtain an exclusive lease for namespace:namespaces_root_statistics:3. There must be another instance already in execution.
2021-07-17T03:25:08.786Z: Bypassing session in admin mode for: 1
2021-07-17T03:25:09.209Z: Bypassing session in admin mode for: 1
2021-07-17T03:25:10.041Z: Updating statistics for project 6
2021-07-17T03:25:21.251Z: Bypassing session in admin mode for: 1
2021-07-17T03:27:08.272Z: Bypassing session in admin mode for: 1
2021-07-17T03:27:08.357Z: Bypassing session in admin mode for: 1
2021-07-17T03:27:16.350Z: Bypassing session in admin mode for: 1
2021-07-17T03:40:13.476Z: Updating statistics for project 6
2021-07-17T03:47:59.268Z: Bypassing session in admin mode for: 1
2021-07-17T03:47:59.387Z: Bypassing session in admin mode for: 1
2021-07-17T03:47:59.582Z: Updating statistics for project 6
2021-07-17T03:48:06.835Z: Bypassing session in admin mode for: 1
2021-07-17T04:00:32.831Z: StuckCiJobsWorker: Cleaning stuck builds
2021-07-17T04:03:02.355Z: Updating statistics for project 6
2021-07-17T04:37:58.216Z: Bypassing session in admin mode for: 1
2021-07-17T05:00:10.690Z: StuckCiJobsWorker: Cleaning stuck builds
2021-07-17T20:25:34.863Z: Checking state of dynamic postgres partitions
2021-07-17T20:25:34.864Z: Checking state of dynamic postgres partitions
2021-07-17T20:26:17.438Z: ActiveRecord connection disconnected
2021-07-17T20:26:17.937Z: ActiveRecord connection established
2021-07-17T20:26:17.959Z: ActiveRecord connection established
2021-07-17T20:27:54.483Z: Successful Login: username=root ip=192.168.124.1 method=standard admin=true
2021-07-17T20:32:18.417Z: User 1 scheduled destruction of project devops/test-cicd-code with job ID c9c2ccd962776df7d501f8c1
2021-07-17T20:32:18.794Z: Attempting to destroy devops/test-cicd-code (2)
2021-07-17T20:32:18.971Z: Repository "@hashed/d4/73/d4735e3a265e16eee03f59718b9b5d03019c07d8b6c51f90da3a666eec13ab35" moved to "@hashed/d4/73/d4735e3a265e16eee03f59718b9b5d03019c07d8b6c51f90da3a666eec13ab35+2+deleted" for repository "devops/test-cicd-code"
2021-07-17T20:32:18.971Z: Repository "devops/test-cicd-code" was removed
2021-07-17T20:32:19.295Z: Repository "@hashed/d4/73/d4735e3a265e16eee03f59718b9b5d03019c07d8b6c51f90da3a666eec13ab35.wiki" moved to "@hashed/d4/73/d4735e3a265e16eee03f59718b9b5d03019c07d8b6c51f90da3a666eec13ab35.wiki+2+deleted" for repository "devops/test-cicd-code.wiki"
2021-07-17T20:32:19.295Z: Repository "devops/test-cicd-code.wiki" was removed
2021-07-17T20:32:19.853Z: Project "devops/test-cicd-code" was deleted
2021-07-17T20:32:32.424Z: User 1 scheduled destruction of project root/test with job ID 67e42e8ab93e1efcda1c7d83
2021-07-17T20:32:32.462Z: Attempting to destroy root/test (3)
2021-07-17T20:32:32.530Z: Repository "@hashed/4e/07/4e07408562bedb8b60ce05c1decfe3ad16b72230967de01f640b7e4729b49fce" moved to "@hashed/4e/07/4e07408562bedb8b60ce05c1decfe3ad16b72230967de01f640b7e4729b49fce+3+deleted" for repository "root/test"
2021-07-17T20:32:32.531Z: Repository "root/test" was removed
2021-07-17T20:32:32.588Z: Repository "@hashed/4e/07/4e07408562bedb8b60ce05c1decfe3ad16b72230967de01f640b7e4729b49fce.wiki" moved to "@hashed/4e/07/4e07408562bedb8b60ce05c1decfe3ad16b72230967de01f640b7e4729b49fce.wiki+3+deleted" for repository "root/test.wiki"
2021-07-17T20:32:32.588Z: Repository "root/test.wiki" was removed
2021-07-17T20:32:32.688Z: Project "root/test" was deleted
2021-07-17T20:32:51.190Z: User 1 scheduled destruction of project devops/python-redis-counter with job ID 063ed62380ca6c9819d31af2
2021-07-17T20:32:51.274Z: Attempting to destroy devops/python-redis-counter (5)
2021-07-17T20:32:51.523Z: Repository "@hashed/ef/2d/ef2d127de37b942baad06145e54b0c619a1f22327b2ebbcfbec78f5564afe39d" moved to "@hashed/ef/2d/ef2d127de37b942baad06145e54b0c619a1f22327b2ebbcfbec78f5564afe39d+5+deleted" for repository "devops/python-redis-counter"
2021-07-17T20:32:51.523Z: Repository "devops/python-redis-counter" was removed
2021-07-17T20:32:51.599Z: Repository "@hashed/ef/2d/ef2d127de37b942baad06145e54b0c619a1f22327b2ebbcfbec78f5564afe39d.wiki" moved to "@hashed/ef/2d/ef2d127de37b942baad06145e54b0c619a1f22327b2ebbcfbec78f5564afe39d.wiki+5+deleted" for repository "devops/python-redis-counter.wiki"
2021-07-17T20:32:51.599Z: Repository "devops/python-redis-counter.wiki" was removed
2021-07-17T20:32:52.195Z: Project "devops/python-redis-counter" was deleted
2021-07-17T20:33:04.295Z: User 1 scheduled destruction of project gitlab-instance-0b08e768/Monitoring with job ID 12704082d16e842841aa5957
2021-07-17T20:33:04.335Z: Attempting to destroy gitlab-instance-0b08e768/Monitoring (1)
2021-07-17T20:33:04.389Z: Repository "@hashed/6b/86/6b86b273ff34fce19d6b804eff5a3f5747ada4eaa22f1d49c01e52ddb7875b4b" moved to "@hashed/6b/86/6b86b273ff34fce19d6b804eff5a3f5747ada4eaa22f1d49c01e52ddb7875b4b+1+deleted" for repository "gitlab-instance-0b08e768/Monitoring"
2021-07-17T20:33:04.389Z: Repository "gitlab-instance-0b08e768/Monitoring" was removed
2021-07-17T20:33:04.454Z: Repository "@hashed/6b/86/6b86b273ff34fce19d6b804eff5a3f5747ada4eaa22f1d49c01e52ddb7875b4b.wiki" moved to "@hashed/6b/86/6b86b273ff34fce19d6b804eff5a3f5747ada4eaa22f1d49c01e52ddb7875b4b.wiki+1+deleted" for repository "gitlab-instance-0b08e768/Monitoring.wiki"
2021-07-17T20:33:04.454Z: Repository "gitlab-instance-0b08e768/Monitoring.wiki" was removed
2021-07-17T20:33:04.567Z: Project "gitlab-instance-0b08e768/Monitoring" was deleted
2021-07-17T20:33:15.910Z: User 1 scheduled destruction of project devops/cicd-docker-java with job ID f12f3001a2590596e7011fd0
2021-07-17T20:33:15.966Z: Attempting to destroy devops/cicd-docker-java (7)
2021-07-17T20:33:16.153Z: Repository "@hashed/79/02/7902699be42c8a8e46fbbb4501726517e86b22c56a189f7625a6da49081b2451" moved to "@hashed/79/02/7902699be42c8a8e46fbbb4501726517e86b22c56a189f7625a6da49081b2451+7+deleted" for repository "devops/cicd-docker-java"
2021-07-17T20:33:16.153Z: Repository "devops/cicd-docker-java" was removed
2021-07-17T20:33:16.220Z: Repository "@hashed/79/02/7902699be42c8a8e46fbbb4501726517e86b22c56a189f7625a6da49081b2451.wiki" moved to "@hashed/79/02/7902699be42c8a8e46fbbb4501726517e86b22c56a189f7625a6da49081b2451.wiki+7+deleted" for repository "devops/cicd-docker-java.wiki"
2021-07-17T20:33:16.220Z: Repository "devops/cicd-docker-java.wiki" was removed
2021-07-17T20:33:16.356Z: Project "devops/cicd-docker-java" was deleted
2021-07-17T20:36:23.517Z: Checking state of dynamic postgres partitions
2021-07-17T20:36:26.295Z: Checking state of dynamic postgres partitions
2021-07-17T20:37:05.495Z: ActiveRecord connection disconnected
2021-07-17T20:37:06.003Z: ActiveRecord connection established
2021-07-17T20:37:06.107Z: ActiveRecord connection established
2021-07-17T20:37:39.325Z: ActiveRecord connection established
2021-07-17T20:37:41.105Z: Checking state of dynamic postgres partitions
